<?xml version="1.0" encoding="UTF-8"?>
<!-- Generated by org.testng.reporters.JUnitXMLReporter -->
<testsuite ignored="1" hostname="DESKTOP-5V4CQU1" failures="0" tests="1" name="Default test" time="14.953" errors="0" timestamp="2025-09-07T20:48:49 IST">
  <testcase classname="Practice.Tests.SmokeTest_4" name="testCase2" time="14.857"/>
  <testcase classname="Practice.Tests.SmokeTest_4" name="testCase1" time="0.0">
    <ignored/>
  </testcase> <!-- testCase1 -->
</testsuite> <!-- Default test -->
