<?xml version="1.0" encoding="UTF-8"?>
<!-- Generated by org.testng.reporters.JUnitXMLReporter -->
<testsuite ignored="2" hostname="Pankajs-MacBook-Air.local" failures="0" tests="2" name="Test" time="18.859" errors="0" timestamp="2025-09-07T21:09:38 IST">
  <testcase classname="FunctionalTestcasesPOM.FrameWorkSmokeTest" name="basicValidation01" time="10.024"/>
  <testcase classname="FunctionalTestcasesPOM.FrameWorkSmokeTest2" name="addReview04" time="15.349"/>
  <testcase classname="FunctionalTestcasesPOM.FrameWorkSmokeTest" name="e2EFlow08" time="0.0">
    <ignored/>
  </testcase> <!-- e2EFlow08 -->
  <testcase classname="FunctionalTestcasesPOM.FrameWorkSmokeTest2" name="e2EFlow08" time="0.0">
    <ignored/>
  </testcase> <!-- e2EFlow08 -->
</testsuite> <!-- Test -->
