<?xml version="1.0" encoding="UTF-8"?>
<testng-results ignored="0" total="0" passed="0" failed="0" skipped="0">
  <reporter-output>
  </reporter-output>
  <suite started-at="2025-09-03T00:34:19 IST" name="PracticeAutomation.PracticeAutomation.AppTest" finished-at="2025-09-03T00:34:19 IST" duration-ms="11">
    <groups>
    </groups>
    <test started-at="2025-09-03T00:34:19 IST" name="Command line test" finished-at="2025-09-03T00:34:19 IST" duration-ms="11">
    </test> <!-- Command line test -->
  </suite> <!-- PracticeAutomation.PracticeAutomation.AppTest -->
</testng-results>
