<?xml version="1.0" encoding="UTF-8"?>
<testng-results ignored="0" total="1" passed="1" failed="0" skipped="0">
  <reporter-output>
  </reporter-output>
  <suite started-at="2025-09-09T01:20:47 IST" name="Default suite" finished-at="2025-09-09T01:21:08 IST" duration-ms="21382">
    <groups>
    </groups>
    <test started-at="2025-09-09T01:20:47 IST" name="Default test" finished-at="2025-09-09T01:21:08 IST" duration-ms="21382">
      <class name="FunctionalTestcasesPOM.FrameWorkSmokeTest3">
        <test-method is-config="true" signature="init()[pri:0, instance:FunctionalTestcasesPOM.FrameWorkSmokeTest3@479d31f3]" started-at="2025-09-09T01:20:47 IST" name="init" finished-at="2025-09-09T01:20:50 IST" duration-ms="2898" status="PASS">
          <reporter-output>
          </reporter-output>
        </test-method> <!-- init -->
        <test-method signature="e2EFlow08(java.lang.reflect.Method)[pri:0, instance:FunctionalTestcasesPOM.FrameWorkSmokeTest3@479d31f3]" started-at="2025-09-09T01:20:50 IST" name="e2EFlow08" finished-at="2025-09-09T01:21:08 IST" duration-ms="18333" status="PASS">
          <params>
            <param index="0">
              <value>
                <![CDATA[public void FunctionalTestcasesPOM.FrameWorkSmokeTest3.e2EFlow08(java.lang.reflect.Method) throws java.lang.InterruptedException,java.io.IOException]]>
              </value>
            </param>
          </params>
          <reporter-output>
          </reporter-output>
        </test-method> <!-- e2EFlow08 -->
        <test-method is-config="true" signature="lastFunction()[pri:0, instance:FunctionalTestcasesPOM.FrameWorkSmokeTest3@479d31f3]" started-at="2025-09-09T01:21:08 IST" name="lastFunction" finished-at="2025-09-09T01:21:08 IST" duration-ms="130" status="PASS">
          <reporter-output>
          </reporter-output>
        </test-method> <!-- lastFunction -->
      </class> <!-- FunctionalTestcasesPOM.FrameWorkSmokeTest3 -->
    </test> <!-- Default test -->
  </suite> <!-- Default suite -->
</testng-results>
